=== tc24r Demo 10: #include, #pragma once, System Headers ===

Header: demo10_io.h
---
#pragma once

#define LED_REG     0xFF0000
#define UART_DATA   0xFF0100
#define UART_STATUS 0xFF0101
#define INT_ENABLE  0xFF0010
#define LED_ON      0

void putc(int c) {
    while (*(char *)UART_STATUS & 0x80) {}
    *(char *)UART_DATA = c;
}

void puts(char *s) {
    while (*s) {
        putc(*s);
        s = s + 1;
    }
}

void led_on() {
    *(char *)LED_REG = LED_ON;
}
---

Source: demo10.c
---
// tc24r demo10 -- #include, #pragma once, system header
//
// New features:
//   - #include "file.h" (relative to source file)
//   - #include <cor24.h> (system include path via -I)
//   - #pragma once (prevents double inclusion)
//   - -I flag for include search paths
//
// Expected: r0 = 42, LED D2 on, UART output: "D10OK"

#include "demo10_io.h"
#include "demo10_io.h"
#include <cor24.h>

int main() {
    int ok = 1;

    // Verify #define from local header
    if (LED_REG != 0xFF0000) { ok = 0; }

    // Verify #define from system header (cor24.h)
    if (UART_STATUS != 0xFF0101) { ok = 0; }

    // Use functions from included header
    led_on();

    if (ok == 1) {
        puts("D10OK\n");
        return 42;
    }
    return 0;
}
---

Compiling demo10.c -> demo10.s (with -I /Users/mike/github/sw-vibe-coding/tc24r/include)

Generated assembly:
---
        .text

        .globl  _start
_start:
        la      r0,_main
        jal     r1,(r0)
_halt:
        bra     _halt

        .globl  _putc
_putc:
        push    fp
        push    r2
        push    r1
        mov     fp,sp
L1:
        la      r0,16711937
        lbu     r0,0(r0)
        la      r1,128
        and     r0,r1
        ceq     r0,z
        brt     L2
        bra     L1
L2:
        la      r0,16711936
        mov     r1,r0
        lw      r0,9(fp)
        sb      r0,0(r1)
L0:
        mov     sp,fp
        pop     r1
        pop     r2
        pop     fp
        jmp     (r1)

        .globl  _puts
_puts:
        push    fp
        push    r2
        push    r1
        mov     fp,sp
L4:
        lw      r0,9(fp)
        lbu     r0,0(r0)
        ceq     r0,z
        brt     L5
        lw      r0,9(fp)
        lbu     r0,0(r0)
        push    r0
        la      r0,_putc
        jal     r1,(r0)
        add     sp,3
        lw      r0,9(fp)
        lc      r1,1
        add     r0,r1
        sw      r0,9(fp)
        bra     L4
L5:
L3:
        mov     sp,fp
        pop     r1
        pop     r2
        pop     fp
        jmp     (r1)

        .globl  _led_on
_led_on:
        push    fp
        push    r2
        push    r1
        mov     fp,sp
        la      r0,16711680
        mov     r1,r0
        lc      r0,0
        sb      r0,0(r1)
L6:
        mov     sp,fp
        pop     r1
        pop     r2
        pop     fp
        jmp     (r1)

        .globl  _main
_main:
        push    fp
        push    r2
        push    r1
        mov     fp,sp
        add     sp,-3
        lc      r0,1
        sw      r0,-3(fp)
        la      r0,16711680
        la      r1,16711680
        ceq     r0,r1
        brt     L9
        lc      r0,0
        sw      r0,-3(fp)
L9:
        la      r0,16711937
        la      r1,16711937
        ceq     r0,r1
        brt     L11
        lc      r0,0
        sw      r0,-3(fp)
L11:
        la      r0,_led_on
        jal     r1,(r0)
        lw      r0,-3(fp)
        lc      r1,1
        ceq     r0,r1
        brf     L13
        la      r0,_S0
        push    r0
        la      r0,_puts
        jal     r1,(r0)
        add     sp,3
        lc      r0,42
        bra     L7
L13:
        lc      r0,0
        bra     L7
L7:
        mov     sp,fp
        pop     r1
        pop     r2
        pop     fp
        jmp     (r1)

        .data
_S0:
        .byte   68,49,48,79,75,10,0
---

Assembling and running on COR24 emulator...

Assembled 180 bytes
Running (speed: max IPS, time limit: 10s)...

[UART TX @ 265] 'D'  (0x44)
[UART TX @ 265] '1'  (0x31)
[UART TX @ 265] '0'  (0x30)
[UART TX @ 265] 'O'  (0x4F)
[UART TX @ 265] 'K'  (0x4B)
[UART TX @ 265] '\n'

UART output: D10OK


Executed 265 instructions
CPU halted (self-branch detected)

=== Registers ===
  PC:  0x000005    C: 1
  r0:  0x00002A  (      42)
  r1:  0x000005  (       5)
  r2:  0x000000  (       0)
  fp:  0x000000
  sp:  0xFEEC00

=== Emulator ===
  Instructions: 266
  Halted: true

=== SRAM 000000-0FFFFF (1 MB) ===
  000000: 29 60 00 00 25 13 FC 80 7F 7E 65 29 01 01 FF 38  |)`..%....~e)...8|
  000010: 00 2A 80 00 00 0D C8 15 00 13 EE 29 00 01 FF 5A  |.*.........)...Z|
  000020: 4D 09 81 00 69 7A 7B 7C 27 80 7F 7E 65 4D 09 38  |M...iz{|'..~eM.8|
  000030: 00 C8 15 13 4D 09 38 00 7D 29 07 00 00 25 0C 03  |....M.8.})...%..|
  000040: 4D 09 45 01 01 A6 09 13 E2 69 7A 7B 7C 27 80 7F  |M.E......iz{|'..|
  000050: 7E 65 29 00 00 FF 5A 44 00 81 00 69 7A 7B 7C 27  |~e)...ZD...iz{|'|
  000060: 80 7F 7E 65 0C FD 44 01 A6 FD 29 00 00 FF 2A 00  |..~e..D...)...*.|
  000070: 00 FF 16 15 02 44 00 A6 FD 29 01 01 FF 2A 01 01  |.....D...)...*..|
  000080: FF 16 15 02 44 00 A6 FD 29 4E 00 00 25 4D FD 45  |....D...)N..%M.E|
  000090: 01 16 14 0E 29 AD 00 00 7D 29 29 00 00 25 0C 03  |....)...}))..%..|
  0000A0: 44 2A 13 02 44 00 13 FE 69 7A 7B 7C 27 44 31 30  |D*..D...iz{|'D10|
  0000B0: 4F 4B 0A 00 00 00 00 00 00 00 00 00 00 00 00 00  |OK..............|
  0000C0..0FFFFF: 1048384 bytes all zero

=== Unmapped 100000-FEDDFF (14.9 MB, not installed) ===

=== EBR FEE000-FEFFFF (8 KB, stack) ===
  FEE000..FEEBCF: 3024 bytes all zero
  FEEBD0: 00 00 00 00 00 00 00 00 00 00 00 00 3E 00 00 00  |............>...|
  FEEBE0: 00 00 E8 EB FE 0A 00 00 9E 00 00 00 00 00 F7 EB  |................|
  FEEBF0: FE B3 00 00 01 00 00 05 00 00 00 00 00 00 00 00  |................|
  FEEC00..FEFFFF: 5120 bytes all zero

=== I/O FF0000-FFFFFF (64 KB, memory-mapped peripherals) ===
  FF0000 LED:  0x00  [........]  BTN S2: released
  FF0010 IntEn:  0x00  UART RX IRQ: disabled
  FF0100 UART:   status=0x02  RX ready: no  CTS: yes  TX busy: no
  UART TX log:   "D10OK\n"

=== Validation ===
  [PASS] CPU halted cleanly
  [PASS] r0 = 42 (all #include checks passed)
  [PASS] LED D2 on (from included header function)
  [PASS] UART output contains 'D10OK'

Demo 10 PASSED
